c:\users\duarte gonçalves\desktop\duartegonçalves_170221028-marceloamado_170221012\atad_mini-projeto_fase2\atad_mini-projeto_fase2\debug\vc141.pdb
c:\users\duarte gonçalves\desktop\duartegonçalves_170221028-marceloamado_170221012\atad_mini-projeto_fase2\atad_mini-projeto_fase2\debug\vc141.idb
c:\users\duarte gonçalves\desktop\duartegonçalves_170221028-marceloamado_170221012\atad_mini-projeto_fase2\atad_mini-projeto_fase2\debug\values.obj
c:\users\duarte gonçalves\desktop\duartegonçalves_170221028-marceloamado_170221012\atad_mini-projeto_fase2\atad_mini-projeto_fase2\debug\statistics.obj
c:\users\duarte gonçalves\desktop\duartegonçalves_170221028-marceloamado_170221012\atad_mini-projeto_fase2\atad_mini-projeto_fase2\debug\mapelem.obj
c:\users\duarte gonçalves\desktop\duartegonçalves_170221028-marceloamado_170221012\atad_mini-projeto_fase2\atad_mini-projeto_fase2\debug\maparraylist.obj
c:\users\duarte gonçalves\desktop\duartegonçalves_170221028-marceloamado_170221012\atad_mini-projeto_fase2\atad_mini-projeto_fase2\debug\main.obj
c:\users\duarte gonçalves\desktop\duartegonçalves_170221028-marceloamado_170221012\atad_mini-projeto_fase2\atad_mini-projeto_fase2\debug\listelem.obj
c:\users\duarte gonçalves\desktop\duartegonçalves_170221028-marceloamado_170221012\atad_mini-projeto_fase2\atad_mini-projeto_fase2\debug\listarraylist.obj
c:\users\duarte gonçalves\desktop\duartegonçalves_170221028-marceloamado_170221012\atad_mini-projeto_fase2\atad_mini-projeto_fase2\debug\commands.obj
c:\users\duarte gonçalves\desktop\duartegonçalves_170221028-marceloamado_170221012\atad_mini-projeto_fase2\atad_mini-projeto_fase2\debug\cluster.obj
c:\users\duarte gonçalves\desktop\duartegonçalves_170221028-marceloamado_170221012\atad_mini-projeto_fase2\atad_mini-projeto_fase2\debug\basket.obj
c:\users\duarte gonçalves\desktop\universidade\1ºano- 2ºs\atad 17_18\projeto atad 2 fase\atad_mini-projeto_fase2\atad_mini-projeto_fase2\debug\vc141.pdb
c:\users\duarte gonçalves\desktop\universidade\1ºano- 2ºs\atad 17_18\projeto atad 2 fase\atad_mini-projeto_fase2\atad_mini-projeto_fase2\debug\vc141.idb
c:\users\duarte gonçalves\desktop\universidade\1ºano- 2ºs\atad 17_18\projeto atad 2 fase\atad_mini-projeto_fase2\atad_mini-projeto_fase2\debug\values.obj
c:\users\duarte gonçalves\desktop\universidade\1ºano- 2ºs\atad 17_18\projeto atad 2 fase\atad_mini-projeto_fase2\atad_mini-projeto_fase2\debug\statistics.obj
c:\users\duarte gonçalves\desktop\universidade\1ºano- 2ºs\atad 17_18\projeto atad 2 fase\atad_mini-projeto_fase2\atad_mini-projeto_fase2\debug\mapelem.obj
c:\users\duarte gonçalves\desktop\universidade\1ºano- 2ºs\atad 17_18\projeto atad 2 fase\atad_mini-projeto_fase2\atad_mini-projeto_fase2\debug\maparraylist.obj
c:\users\duarte gonçalves\desktop\universidade\1ºano- 2ºs\atad 17_18\projeto atad 2 fase\atad_mini-projeto_fase2\atad_mini-projeto_fase2\debug\main.obj
c:\users\duarte gonçalves\desktop\universidade\1ºano- 2ºs\atad 17_18\projeto atad 2 fase\atad_mini-projeto_fase2\atad_mini-projeto_fase2\debug\listelem.obj
c:\users\duarte gonçalves\desktop\universidade\1ºano- 2ºs\atad 17_18\projeto atad 2 fase\atad_mini-projeto_fase2\atad_mini-projeto_fase2\debug\listarraylist.obj
c:\users\duarte gonçalves\desktop\universidade\1ºano- 2ºs\atad 17_18\projeto atad 2 fase\atad_mini-projeto_fase2\atad_mini-projeto_fase2\debug\commands.obj
c:\users\duarte gonçalves\desktop\universidade\1ºano- 2ºs\atad 17_18\projeto atad 2 fase\atad_mini-projeto_fase2\atad_mini-projeto_fase2\debug\cluster.obj
c:\users\duarte gonçalves\desktop\universidade\1ºano- 2ºs\atad 17_18\projeto atad 2 fase\atad_mini-projeto_fase2\atad_mini-projeto_fase2\debug\basket.obj
c:\users\duarte gonçalves\desktop\duartegonçalves_170221028-marceloamado_170221012\atad_mini-projeto_fase2\debug\atad_mini-projeto_fase2.ilk
c:\users\duarte gonçalves\desktop\duartegonçalves_170221028-marceloamado_170221012\atad_mini-projeto_fase2\debug\atad_mini-projeto_fase2.exe
c:\users\duarte gonçalves\desktop\duartegonçalves_170221028-marceloamado_170221012\atad_mini-projeto_fase2\debug\atad_mini-projeto_fase2.pdb
c:\users\duarte gonçalves\desktop\universidade\1ºano- 2ºs\atad 17_18\projeto atad 2 fase\atad_mini-projeto_fase2\debug\atad_mini-projeto_fase2.exe
c:\users\duarte gonçalves\desktop\universidade\1ºano- 2ºs\atad 17_18\projeto atad 2 fase\atad_mini-projeto_fase2\debug\atad_mini-projeto_fase2.ilk
c:\users\duarte gonçalves\desktop\universidade\1ºano- 2ºs\atad 17_18\projeto atad 2 fase\atad_mini-projeto_fase2\debug\atad_mini-projeto_fase2.pdb
c:\users\duarte gonçalves\desktop\universidade\1ºano- 2ºs\atad 17_18\projeto atad 2 fase\atad_mini-projeto_fase2\atad_mini-projeto_fase2\debug\atad_min.615003e8.tlog\cl.command.1.tlog
c:\users\duarte gonçalves\desktop\universidade\1ºano- 2ºs\atad 17_18\projeto atad 2 fase\atad_mini-projeto_fase2\atad_mini-projeto_fase2\debug\atad_min.615003e8.tlog\cl.read.1.tlog
c:\users\duarte gonçalves\desktop\universidade\1ºano- 2ºs\atad 17_18\projeto atad 2 fase\atad_mini-projeto_fase2\atad_mini-projeto_fase2\debug\atad_min.615003e8.tlog\cl.write.1.tlog
c:\users\duarte gonçalves\desktop\universidade\1ºano- 2ºs\atad 17_18\projeto atad 2 fase\atad_mini-projeto_fase2\atad_mini-projeto_fase2\debug\atad_min.615003e8.tlog\link.command.1.tlog
c:\users\duarte gonçalves\desktop\universidade\1ºano- 2ºs\atad 17_18\projeto atad 2 fase\atad_mini-projeto_fase2\atad_mini-projeto_fase2\debug\atad_min.615003e8.tlog\link.read.1.tlog
c:\users\duarte gonçalves\desktop\universidade\1ºano- 2ºs\atad 17_18\projeto atad 2 fase\atad_mini-projeto_fase2\atad_mini-projeto_fase2\debug\atad_min.615003e8.tlog\link.write.1.tlog
